2015/04/14 08:53:49 [error] [exception.CDbException] exception 'CDbException' with message 'CDbConnection failed to open the DB connection: SQLSTATE[HY000] [1045] Access denied for user 'user'@'localhost' (using password: YES)' in C:\xampp\htdocs\eduinca.net\framework\db\CDbConnection.php:399
Stack trace:
#0 C:\xampp\htdocs\eduinca.net\framework\db\CDbConnection.php(347): CDbConnection->open()
#1 C:\xampp\htdocs\eduinca.net\framework\db\CDbConnection.php(325): CDbConnection->setActive(true)
#2 C:\xampp\htdocs\eduinca.net\framework\base\CModule.php(394): CDbConnection->init()
#3 C:\xampp\htdocs\eduinca.net\framework\base\CApplication.php(458): CModule->getComponent('db')
#4 C:\xampp\htdocs\eduinca.net\framework\db\ar\CActiveRecord.php(637): CApplication->getDb()
#5 C:\xampp\htdocs\eduinca.net\framework\db\ar\CActiveRecord.php(2384): CActiveRecord->getDbConnection()
#6 C:\xampp\htdocs\eduinca.net\framework\db\ar\CActiveRecord.php(411): CActiveRecordMetaData->__construct(Object(User))
#7 C:\xampp\htdocs\eduinca.net\framework\db\ar\CActiveRecord.php(79): CActiveRecord->getMetaData()
#8 C:\xampp\htdocs\eduinca.net\web\protected\components\UserIdentity.php(37): CActiveRecord->__construct()
#9 C:\xampp\htdocs\eduinca.net\web\protected\components\UserIdentity.php(24): UserIdentity->findUser()
#10 C:\xampp\htdocs\eduinca.net\web\protected\models\LoginForm.php(54): UserIdentity->authenticate()
#11 C:\xampp\htdocs\eduinca.net\framework\validators\CInlineValidator.php(42): LoginForm->authenticate('password', Array)
#12 C:\xampp\htdocs\eduinca.net\framework\validators\CValidator.php(201): CInlineValidator->validateAttribute(Object(LoginForm), 'password')
#13 C:\xampp\htdocs\eduinca.net\framework\base\CModel.php(159): CValidator->validate(Object(LoginForm), NULL)
#14 C:\xampp\htdocs\eduinca.net\web\protected\controllers\SiteController.php(98): CModel->validate()
#15 C:\xampp\htdocs\eduinca.net\framework\web\actions\CInlineAction.php(49): SiteController->actionLogin()
#16 C:\xampp\htdocs\eduinca.net\framework\web\CController.php(308): CInlineAction->runWithParams(Array)
#17 C:\xampp\htdocs\eduinca.net\framework\web\CController.php(286): CController->runAction(Object(CInlineAction))
#18 C:\xampp\htdocs\eduinca.net\framework\web\CController.php(265): CController->runActionWithFilters(Object(CInlineAction), Array)
#19 C:\xampp\htdocs\eduinca.net\framework\web\CWebApplication.php(282): CController->run('Login')
#20 C:\xampp\htdocs\eduinca.net\framework\web\CWebApplication.php(141): CWebApplication->runController('site/Login/lang...')
#21 C:\xampp\htdocs\eduinca.net\framework\base\CApplication.php(184): CWebApplication->processRequest()
#22 C:\xampp\htdocs\eduinca.net\web\index.php(13): CApplication->run()
#23 {main}
REQUEST_URI=/eduinca.net/web/index.php/site/Login/language/ru
HTTP_REFERER=http://localhost:81/eduinca.net/web/
---
2015/04/14 10:59:35 [error] [system.db.CDbCommand] Не удалось выполнить CDbCommand::fetchAll(): SQLSTATE[42S22]: Column not found: 1054 Unknown column 'c.name' in 'field list'. Выполнявшийся SQL-запрос: SELECT `c`.`id_country` AS `id`, `c`.`name`, count(id_answer) as num
FROM `tbl_answer_student`
JOIN `tbl_university` `u` ON university_id = u.id_university
JOIN `tbl_country` `c` ON u.country_id = c.id_country
WHERE involved_person_id = :id
GROUP BY `id`, `c`.`name`.
in C:\xampp\htdocs\eduinca.net\web\protected\models\ModelStatistic.php (132)
in C:\xampp\htdocs\eduinca.net\web\protected\controllers\AnalyticController.php (27)
in C:\xampp\htdocs\eduinca.net\web\index.php (13)
2015/04/14 10:59:35 [error] [exception.CDbException] exception 'CDbException' with message 'CDbCommand не удалось исполнить SQL-запрос: SQLSTATE[42S22]: Column not found: 1054 Unknown column 'c.name' in 'field list'. The SQL statement executed was: SELECT `c`.`id_country` AS `id`, `c`.`name`, count(id_answer) as num
FROM `tbl_answer_student`
JOIN `tbl_university` `u` ON university_id = u.id_university
JOIN `tbl_country` `c` ON u.country_id = c.id_country
WHERE involved_person_id = :id
GROUP BY `id`, `c`.`name`' in C:\xampp\htdocs\eduinca.net\framework\db\CDbCommand.php:543
Stack trace:
#0 C:\xampp\htdocs\eduinca.net\framework\db\CDbCommand.php(396): CDbCommand->queryInternal('fetchAll', Array, Array)
#1 C:\xampp\htdocs\eduinca.net\web\protected\models\ModelStatistic.php(132): CDbCommand->queryAll()
#2 C:\xampp\htdocs\eduinca.net\web\protected\controllers\AnalyticController.php(27): ModelStatistic->getData(true)
#3 [internal function]: AnalyticController->actionView('1')
#4 C:\xampp\htdocs\eduinca.net\framework\web\actions\CAction.php(109): ReflectionMethod->invokeArgs(Object(AnalyticController), Array)
#5 C:\xampp\htdocs\eduinca.net\framework\web\actions\CInlineAction.php(47): CAction->runWithParamsInternal(Object(AnalyticController), Object(ReflectionMethod), Array)
#6 C:\xampp\htdocs\eduinca.net\framework\web\CController.php(308): CInlineAction->runWithParams(Array)
#7 C:\xampp\htdocs\eduinca.net\framework\web\CController.php(286): CController->runAction(Object(CInlineAction))
#8 C:\xampp\htdocs\eduinca.net\framework\web\CController.php(265): CController->runActionWithFilters(Object(CInlineAction), Array)
#9 C:\xampp\htdocs\eduinca.net\framework\web\CWebApplication.php(282): CController->run('view')
#10 C:\xampp\htdocs\eduinca.net\framework\web\CWebApplication.php(141): CWebApplication->runController('analytic/view/t...')
#11 C:\xampp\htdocs\eduinca.net\framework\base\CApplication.php(184): CWebApplication->processRequest()
#12 C:\xampp\htdocs\eduinca.net\web\index.php(13): CApplication->run()
#13 {main}
REQUEST_URI=/eduinca.net/web/index.php/analytic/view/type/1/language/ru
HTTP_REFERER=http://localhost:81/eduinca.net/web/index.php/analytic/index/language/ru
---
2015/04/14 15:17:36 [error] [system.db.CDbCommand] Не удалось выполнить CDbCommand::fetchAll(): SQLSTATE[42S22]: Column not found: 1054 Unknown column 'c.name' in 'field list'. Выполнявшийся SQL-запрос: SELECT `c`.`id_country` AS `id`, `c`.`name`, count(id_answer) as num
FROM `tbl_answer_student`
JOIN `tbl_university` `u` ON university_id = u.id_university
JOIN `tbl_country` `c` ON u.country_id = c.id_country
WHERE involved_person_id = :id
GROUP BY `id`, `c`.`name`.
in C:\xampp\htdocs\eduinca.net\web\protected\models\ModelStatistic.php (132)
in C:\xampp\htdocs\eduinca.net\web\protected\controllers\AnalyticController.php (27)
in C:\xampp\htdocs\eduinca.net\web\index.php (13)
2015/04/14 15:17:36 [error] [exception.CDbException] exception 'CDbException' with message 'CDbCommand не удалось исполнить SQL-запрос: SQLSTATE[42S22]: Column not found: 1054 Unknown column 'c.name' in 'field list'. The SQL statement executed was: SELECT `c`.`id_country` AS `id`, `c`.`name`, count(id_answer) as num
FROM `tbl_answer_student`
JOIN `tbl_university` `u` ON university_id = u.id_university
JOIN `tbl_country` `c` ON u.country_id = c.id_country
WHERE involved_person_id = :id
GROUP BY `id`, `c`.`name`' in C:\xampp\htdocs\eduinca.net\framework\db\CDbCommand.php:543
Stack trace:
#0 C:\xampp\htdocs\eduinca.net\framework\db\CDbCommand.php(396): CDbCommand->queryInternal('fetchAll', Array, Array)
#1 C:\xampp\htdocs\eduinca.net\web\protected\models\ModelStatistic.php(132): CDbCommand->queryAll()
#2 C:\xampp\htdocs\eduinca.net\web\protected\controllers\AnalyticController.php(27): ModelStatistic->getData(true)
#3 [internal function]: AnalyticController->actionView('1')
#4 C:\xampp\htdocs\eduinca.net\framework\web\actions\CAction.php(109): ReflectionMethod->invokeArgs(Object(AnalyticController), Array)
#5 C:\xampp\htdocs\eduinca.net\framework\web\actions\CInlineAction.php(47): CAction->runWithParamsInternal(Object(AnalyticController), Object(ReflectionMethod), Array)
#6 C:\xampp\htdocs\eduinca.net\framework\web\CController.php(308): CInlineAction->runWithParams(Array)
#7 C:\xampp\htdocs\eduinca.net\framework\web\CController.php(286): CController->runAction(Object(CInlineAction))
#8 C:\xampp\htdocs\eduinca.net\framework\web\CController.php(265): CController->runActionWithFilters(Object(CInlineAction), Array)
#9 C:\xampp\htdocs\eduinca.net\framework\web\CWebApplication.php(282): CController->run('view')
#10 C:\xampp\htdocs\eduinca.net\framework\web\CWebApplication.php(141): CWebApplication->runController('analytic/view/t...')
#11 C:\xampp\htdocs\eduinca.net\framework\base\CApplication.php(184): CWebApplication->processRequest()
#12 C:\xampp\htdocs\eduinca.net\web\index.php(13): CApplication->run()
#13 {main}
REQUEST_URI=/eduinca.net/web/index.php/analytic/view/type/1/language/ru
HTTP_REFERER=http://localhost:81/eduinca.net/web/index.php/analytic/index/language/ru
---
2015/04/14 16:11:55 [error] [system.db.CDbCommand] Не удалось выполнить CDbCommand::fetchAll(): SQLSTATE[42S22]: Column not found: 1054 Unknown column 'c.name' in 'field list'. Выполнявшийся SQL-запрос: SELECT `c`.`id_country` AS `id`, `c`.`name`, count(id_answer) as num
FROM `tbl_answer_student`
JOIN `tbl_university` `u` ON university_id = u.id_university
JOIN `tbl_country` `c` ON u.country_id = c.id_country
WHERE involved_person_id = :id
GROUP BY `id`, `c`.`name`.
in C:\xampp\htdocs\eduinca.net\web\protected\models\ModelStatistic.php (132)
in C:\xampp\htdocs\eduinca.net\web\protected\controllers\AnalyticController.php (27)
in C:\xampp\htdocs\eduinca.net\web\index.php (13)
2015/04/14 16:11:55 [error] [exception.CDbException] exception 'CDbException' with message 'CDbCommand не удалось исполнить SQL-запрос: SQLSTATE[42S22]: Column not found: 1054 Unknown column 'c.name' in 'field list'. The SQL statement executed was: SELECT `c`.`id_country` AS `id`, `c`.`name`, count(id_answer) as num
FROM `tbl_answer_student`
JOIN `tbl_university` `u` ON university_id = u.id_university
JOIN `tbl_country` `c` ON u.country_id = c.id_country
WHERE involved_person_id = :id
GROUP BY `id`, `c`.`name`' in C:\xampp\htdocs\eduinca.net\framework\db\CDbCommand.php:543
Stack trace:
#0 C:\xampp\htdocs\eduinca.net\framework\db\CDbCommand.php(396): CDbCommand->queryInternal('fetchAll', Array, Array)
#1 C:\xampp\htdocs\eduinca.net\web\protected\models\ModelStatistic.php(132): CDbCommand->queryAll()
#2 C:\xampp\htdocs\eduinca.net\web\protected\controllers\AnalyticController.php(27): ModelStatistic->getData(true)
#3 [internal function]: AnalyticController->actionView('1')
#4 C:\xampp\htdocs\eduinca.net\framework\web\actions\CAction.php(109): ReflectionMethod->invokeArgs(Object(AnalyticController), Array)
#5 C:\xampp\htdocs\eduinca.net\framework\web\actions\CInlineAction.php(47): CAction->runWithParamsInternal(Object(AnalyticController), Object(ReflectionMethod), Array)
#6 C:\xampp\htdocs\eduinca.net\framework\web\CController.php(308): CInlineAction->runWithParams(Array)
#7 C:\xampp\htdocs\eduinca.net\framework\web\CController.php(286): CController->runAction(Object(CInlineAction))
#8 C:\xampp\htdocs\eduinca.net\framework\web\CController.php(265): CController->runActionWithFilters(Object(CInlineAction), Array)
#9 C:\xampp\htdocs\eduinca.net\framework\web\CWebApplication.php(282): CController->run('view')
#10 C:\xampp\htdocs\eduinca.net\framework\web\CWebApplication.php(141): CWebApplication->runController('analytic/view/t...')
#11 C:\xampp\htdocs\eduinca.net\framework\base\CApplication.php(184): CWebApplication->processRequest()
#12 C:\xampp\htdocs\eduinca.net\web\index.php(13): CApplication->run()
#13 {main}
REQUEST_URI=/eduinca.net/web/index.php/analytic/view/type/1/language/ru
HTTP_REFERER=http://localhost:81/eduinca.net/web/index.php/analytic/index/language/ru
---
2015/04/14 16:12:25 [error] [system.db.CDbCommand] Не удалось выполнить CDbCommand::fetchAll(): SQLSTATE[42S22]: Column not found: 1054 Unknown column 'c.name' in 'field list'. Выполнявшийся SQL-запрос: SELECT `c`.`id_country` AS `id`, `c`.`name`, count(id_answer) as num
FROM `tbl_answer_student`
JOIN `tbl_university` `u` ON university_id = u.id_university
JOIN `tbl_country` `c` ON u.country_id = c.id_country
WHERE involved_person_id = :id
GROUP BY `id`.
in C:\xampp\htdocs\eduinca.net\web\protected\models\ModelStatistic.php (132)
in C:\xampp\htdocs\eduinca.net\web\protected\controllers\AnalyticController.php (27)
in C:\xampp\htdocs\eduinca.net\web\index.php (13)
2015/04/14 16:12:25 [error] [exception.CDbException] exception 'CDbException' with message 'CDbCommand не удалось исполнить SQL-запрос: SQLSTATE[42S22]: Column not found: 1054 Unknown column 'c.name' in 'field list'. The SQL statement executed was: SELECT `c`.`id_country` AS `id`, `c`.`name`, count(id_answer) as num
FROM `tbl_answer_student`
JOIN `tbl_university` `u` ON university_id = u.id_university
JOIN `tbl_country` `c` ON u.country_id = c.id_country
WHERE involved_person_id = :id
GROUP BY `id`' in C:\xampp\htdocs\eduinca.net\framework\db\CDbCommand.php:543
Stack trace:
#0 C:\xampp\htdocs\eduinca.net\framework\db\CDbCommand.php(396): CDbCommand->queryInternal('fetchAll', Array, Array)
#1 C:\xampp\htdocs\eduinca.net\web\protected\models\ModelStatistic.php(132): CDbCommand->queryAll()
#2 C:\xampp\htdocs\eduinca.net\web\protected\controllers\AnalyticController.php(27): ModelStatistic->getData(true)
#3 [internal function]: AnalyticController->actionView('1')
#4 C:\xampp\htdocs\eduinca.net\framework\web\actions\CAction.php(109): ReflectionMethod->invokeArgs(Object(AnalyticController), Array)
#5 C:\xampp\htdocs\eduinca.net\framework\web\actions\CInlineAction.php(47): CAction->runWithParamsInternal(Object(AnalyticController), Object(ReflectionMethod), Array)
#6 C:\xampp\htdocs\eduinca.net\framework\web\CController.php(308): CInlineAction->runWithParams(Array)
#7 C:\xampp\htdocs\eduinca.net\framework\web\CController.php(286): CController->runAction(Object(CInlineAction))
#8 C:\xampp\htdocs\eduinca.net\framework\web\CController.php(265): CController->runActionWithFilters(Object(CInlineAction), Array)
#9 C:\xampp\htdocs\eduinca.net\framework\web\CWebApplication.php(282): CController->run('view')
#10 C:\xampp\htdocs\eduinca.net\framework\web\CWebApplication.php(141): CWebApplication->runController('analytic/view/t...')
#11 C:\xampp\htdocs\eduinca.net\framework\base\CApplication.php(184): CWebApplication->processRequest()
#12 C:\xampp\htdocs\eduinca.net\web\index.php(13): CApplication->run()
#13 {main}
REQUEST_URI=/eduinca.net/web/index.php/analytic/view/type/1/language/ru
HTTP_REFERER=http://localhost:81/eduinca.net/web/index.php/analytic/index/language/ru
---
2015/04/14 16:13:03 [error] [system.db.CDbCommand] Не удалось выполнить CDbCommand::fetchAll(): SQLSTATE[42S22]: Column not found: 1054 Unknown column 'c.name' in 'group statement'. Выполнявшийся SQL-запрос: SELECT `c`.`id_country` AS `id`, count(id_answer) as num
FROM `tbl_answer_student`
JOIN `tbl_university` `u` ON university_id = u.id_university
JOIN `tbl_country` `c` ON u.country_id = c.id_country
WHERE involved_person_id = :id
GROUP BY `id`, `c`.`name`.
in C:\xampp\htdocs\eduinca.net\web\protected\models\ModelStatistic.php (132)
in C:\xampp\htdocs\eduinca.net\web\protected\controllers\AnalyticController.php (27)
in C:\xampp\htdocs\eduinca.net\web\index.php (13)
2015/04/14 16:13:03 [error] [exception.CDbException] exception 'CDbException' with message 'CDbCommand не удалось исполнить SQL-запрос: SQLSTATE[42S22]: Column not found: 1054 Unknown column 'c.name' in 'group statement'. The SQL statement executed was: SELECT `c`.`id_country` AS `id`, count(id_answer) as num
FROM `tbl_answer_student`
JOIN `tbl_university` `u` ON university_id = u.id_university
JOIN `tbl_country` `c` ON u.country_id = c.id_country
WHERE involved_person_id = :id
GROUP BY `id`, `c`.`name`' in C:\xampp\htdocs\eduinca.net\framework\db\CDbCommand.php:543
Stack trace:
#0 C:\xampp\htdocs\eduinca.net\framework\db\CDbCommand.php(396): CDbCommand->queryInternal('fetchAll', Array, Array)
#1 C:\xampp\htdocs\eduinca.net\web\protected\models\ModelStatistic.php(132): CDbCommand->queryAll()
#2 C:\xampp\htdocs\eduinca.net\web\protected\controllers\AnalyticController.php(27): ModelStatistic->getData(true)
#3 [internal function]: AnalyticController->actionView('1')
#4 C:\xampp\htdocs\eduinca.net\framework\web\actions\CAction.php(109): ReflectionMethod->invokeArgs(Object(AnalyticController), Array)
#5 C:\xampp\htdocs\eduinca.net\framework\web\actions\CInlineAction.php(47): CAction->runWithParamsInternal(Object(AnalyticController), Object(ReflectionMethod), Array)
#6 C:\xampp\htdocs\eduinca.net\framework\web\CController.php(308): CInlineAction->runWithParams(Array)
#7 C:\xampp\htdocs\eduinca.net\framework\web\CController.php(286): CController->runAction(Object(CInlineAction))
#8 C:\xampp\htdocs\eduinca.net\framework\web\CController.php(265): CController->runActionWithFilters(Object(CInlineAction), Array)
#9 C:\xampp\htdocs\eduinca.net\framework\web\CWebApplication.php(282): CController->run('view')
#10 C:\xampp\htdocs\eduinca.net\framework\web\CWebApplication.php(141): CWebApplication->runController('analytic/view/t...')
#11 C:\xampp\htdocs\eduinca.net\framework\base\CApplication.php(184): CWebApplication->processRequest()
#12 C:\xampp\htdocs\eduinca.net\web\index.php(13): CApplication->run()
#13 {main}
REQUEST_URI=/eduinca.net/web/index.php/analytic/view/type/1/language/ru
HTTP_REFERER=http://localhost:81/eduinca.net/web/index.php/analytic/index/language/ru
---
2015/04/14 16:13:23 [error] [exception.CException] exception 'CException' with message 'Не определено свойство "Country.name".' in C:\xampp\htdocs\eduinca.net\framework\base\CComponent.php:130
Stack trace:
#0 C:\xampp\htdocs\eduinca.net\framework\db\ar\CActiveRecord.php(145): CComponent->__get('name')
#1 C:\xampp\htdocs\eduinca.net\web\protected\extensions\extrawidgets\techstud_table\views\index.php(37): CActiveRecord->__get('name')
#2 C:\xampp\htdocs\eduinca.net\framework\web\CBaseController.php(130): require('C:\xampp\htdocs...')
#3 C:\xampp\htdocs\eduinca.net\framework\web\CBaseController.php(95): CBaseController->renderInternal('C:\xampp\htdocs...', Array, false)
#4 C:\xampp\htdocs\eduinca.net\framework\web\widgets\CWidget.php(244): CBaseController->renderFile('C:\xampp\htdocs...', Array, false)
#5 C:\xampp\htdocs\eduinca.net\web\protected\extensions\extrawidgets\techstud_table\techstud_table.php(20): CWidget->render('index', Array)
#6 C:\xampp\htdocs\eduinca.net\framework\web\CBaseController.php(181): techstud_table->run()
#7 C:\xampp\htdocs\eduinca.net\web\protected\views\analytic\allanswer.php(41): CBaseController->widget('application.ext...', Array)
#8 C:\xampp\htdocs\eduinca.net\framework\web\CBaseController.php(126): require('C:\xampp\htdocs...')
#9 C:\xampp\htdocs\eduinca.net\framework\web\CBaseController.php(95): CBaseController->renderInternal('C:\xampp\htdocs...', Array, true)
#10 C:\xampp\htdocs\eduinca.net\framework\web\CController.php(869): CBaseController->renderFile('C:\xampp\htdocs...', Array, true)
#11 C:\xampp\htdocs\eduinca.net\framework\web\CController.php(782): CController->renderPartial('allanswer', Array, true)
#12 C:\xampp\htdocs\eduinca.net\web\protected\controllers\AnalyticController.php(47): CController->render('allanswer', Array)
#13 [internal function]: AnalyticController->actionView('1')
#14 C:\xampp\htdocs\eduinca.net\framework\web\actions\CAction.php(109): ReflectionMethod->invokeArgs(Object(AnalyticController), Array)
#15 C:\xampp\htdocs\eduinca.net\framework\web\actions\CInlineAction.php(47): CAction->runWithParamsInternal(Object(AnalyticController), Object(ReflectionMethod), Array)
#16 C:\xampp\htdocs\eduinca.net\framework\web\CController.php(308): CInlineAction->runWithParams(Array)
#17 C:\xampp\htdocs\eduinca.net\framework\web\CController.php(286): CController->runAction(Object(CInlineAction))
#18 C:\xampp\htdocs\eduinca.net\framework\web\CController.php(265): CController->runActionWithFilters(Object(CInlineAction), Array)
#19 C:\xampp\htdocs\eduinca.net\framework\web\CWebApplication.php(282): CController->run('view')
#20 C:\xampp\htdocs\eduinca.net\framework\web\CWebApplication.php(141): CWebApplication->runController('analytic/view/t...')
#21 C:\xampp\htdocs\eduinca.net\framework\base\CApplication.php(184): CWebApplication->processRequest()
#22 C:\xampp\htdocs\eduinca.net\web\index.php(13): CApplication->run()
#23 {main}
REQUEST_URI=/eduinca.net/web/index.php/analytic/view/type/1/language/ru
HTTP_REFERER=http://localhost:81/eduinca.net/web/index.php/analytic/index/language/ru
---
2015/04/14 18:30:48 [error] [system.db.CDbCommand] Не удалось выполнить CDbCommand::fetchAll(): SQLSTATE[42S22]: Column not found: 1054 Unknown column 'c.name' in 'field list'. Выполнявшийся SQL-запрос: SELECT `c`.`id_country` AS `id`, `c`.`name`, count(id_answer) as num
FROM `tbl_answer_student`
JOIN `tbl_university` `u` ON university_id = u.id_university
JOIN `tbl_country` `c` ON u.country_id = c.id_country
WHERE involved_person_id = :id
GROUP BY `id`, `c`.`name`.
in C:\xampp\htdocs\eduinca.net\web\protected\models\ModelStatistic.php (132)
in C:\xampp\htdocs\eduinca.net\web\protected\controllers\AnalyticController.php (27)
in C:\xampp\htdocs\eduinca.net\web\index.php (13)
2015/04/14 18:30:48 [error] [exception.CDbException] exception 'CDbException' with message 'CDbCommand не удалось исполнить SQL-запрос: SQLSTATE[42S22]: Column not found: 1054 Unknown column 'c.name' in 'field list'. The SQL statement executed was: SELECT `c`.`id_country` AS `id`, `c`.`name`, count(id_answer) as num
FROM `tbl_answer_student`
JOIN `tbl_university` `u` ON university_id = u.id_university
JOIN `tbl_country` `c` ON u.country_id = c.id_country
WHERE involved_person_id = :id
GROUP BY `id`, `c`.`name`' in C:\xampp\htdocs\eduinca.net\framework\db\CDbCommand.php:543
Stack trace:
#0 C:\xampp\htdocs\eduinca.net\framework\db\CDbCommand.php(396): CDbCommand->queryInternal('fetchAll', Array, Array)
#1 C:\xampp\htdocs\eduinca.net\web\protected\models\ModelStatistic.php(132): CDbCommand->queryAll()
#2 C:\xampp\htdocs\eduinca.net\web\protected\controllers\AnalyticController.php(27): ModelStatistic->getData(true)
#3 [internal function]: AnalyticController->actionView('1')
#4 C:\xampp\htdocs\eduinca.net\framework\web\actions\CAction.php(109): ReflectionMethod->invokeArgs(Object(AnalyticController), Array)
#5 C:\xampp\htdocs\eduinca.net\framework\web\actions\CInlineAction.php(47): CAction->runWithParamsInternal(Object(AnalyticController), Object(ReflectionMethod), Array)
#6 C:\xampp\htdocs\eduinca.net\framework\web\CController.php(308): CInlineAction->runWithParams(Array)
#7 C:\xampp\htdocs\eduinca.net\framework\web\CController.php(286): CController->runAction(Object(CInlineAction))
#8 C:\xampp\htdocs\eduinca.net\framework\web\CController.php(265): CController->runActionWithFilters(Object(CInlineAction), Array)
#9 C:\xampp\htdocs\eduinca.net\framework\web\CWebApplication.php(282): CController->run('view')
#10 C:\xampp\htdocs\eduinca.net\framework\web\CWebApplication.php(141): CWebApplication->runController('analytic/view/t...')
#11 C:\xampp\htdocs\eduinca.net\framework\base\CApplication.php(184): CWebApplication->processRequest()
#12 C:\xampp\htdocs\eduinca.net\web\index.php(13): CApplication->run()
#13 {main}
REQUEST_URI=/eduinca.net/web/index.php/analytic/view/type/1/language/ru
HTTP_REFERER=http://localhost:81/eduinca.net/web/index.php/analytic/index/language/ru
---
2015/04/15 05:22:22 [error] [exception.CHttpException.404] exception 'CHttpException' with message 'Невозможно обработать запрос "help/index/language/ru".' in C:\xampp\htdocs\eduinca.net\framework\web\CWebApplication.php:286
Stack trace:
#0 C:\xampp\htdocs\eduinca.net\framework\web\CWebApplication.php(141): CWebApplication->runController('help/index/lang...')
#1 C:\xampp\htdocs\eduinca.net\framework\base\CApplication.php(184): CWebApplication->processRequest()
#2 C:\xampp\htdocs\eduinca.net\web\index.php(13): CApplication->run()
#3 {main}
REQUEST_URI=/eduinca.net/web/index.php/help/index/language/ru
HTTP_REFERER=http://localhost:81/eduinca.net/web/index.php/site/index/language/ru
---
2015/04/15 05:32:56 [error] [exception.CHttpException.404] exception 'CHttpException' with message 'Невозможно обработать запрос "help/index/language/ru".' in C:\xampp\htdocs\eduinca.net\framework\web\CWebApplication.php:286
Stack trace:
#0 C:\xampp\htdocs\eduinca.net\framework\web\CWebApplication.php(141): CWebApplication->runController('help/index/lang...')
#1 C:\xampp\htdocs\eduinca.net\framework\base\CApplication.php(184): CWebApplication->processRequest()
#2 C:\xampp\htdocs\eduinca.net\web\index.php(13): CApplication->run()
#3 {main}
REQUEST_URI=/eduinca.net/web/index.php/help/index/language/ru
HTTP_REFERER=http://localhost:81/eduinca.net/web/index.php/site/index/language/ru
---
2015/04/16 10:08:20 [error] [exception.CHttpException.404] exception 'CHttpException' with message 'Невозможно обработать запрос "help/index/language/en".' in C:\xampp\htdocs\eduinca.net\framework\web\CWebApplication.php:286
Stack trace:
#0 C:\xampp\htdocs\eduinca.net\framework\web\CWebApplication.php(141): CWebApplication->runController('help/index/lang...')
#1 C:\xampp\htdocs\eduinca.net\framework\base\CApplication.php(184): CWebApplication->processRequest()
#2 C:\xampp\htdocs\eduinca.net\web\index.php(13): CApplication->run()
#3 {main}
REQUEST_URI=/eduinca.net/web/index.php/help/index/language/en
HTTP_REFERER=http://localhost:81/eduinca.net/web/index.php/analytic/view/type/1/language/en
---
2015/04/16 10:59:17 [error] [exception.CHttpException.404] exception 'CHttpException' with message 'Невозможно обработать запрос "help/index/language/ru".' in C:\xampp\htdocs\eduinca.net\framework\web\CWebApplication.php:286
Stack trace:
#0 C:\xampp\htdocs\eduinca.net\framework\web\CWebApplication.php(141): CWebApplication->runController('help/index/lang...')
#1 C:\xampp\htdocs\eduinca.net\framework\base\CApplication.php(184): CWebApplication->processRequest()
#2 C:\xampp\htdocs\eduinca.net\web\index.php(13): CApplication->run()
#3 {main}
REQUEST_URI=/eduinca.net/web/index.php/help/index/language/ru
HTTP_REFERER=http://localhost:81/eduinca.net/web/index.php/site/index/language/ru
---
2015/04/16 11:25:20 [error] [exception.CHttpException.404] exception 'CHttpException' with message 'Невозможно обработать запрос "help/index/language/ru".' in C:\xampp\htdocs\eduinca.net\framework\web\CWebApplication.php:286
Stack trace:
#0 C:\xampp\htdocs\eduinca.net\framework\web\CWebApplication.php(141): CWebApplication->runController('help/index/lang...')
#1 C:\xampp\htdocs\eduinca.net\framework\base\CApplication.php(184): CWebApplication->processRequest()
#2 C:\xampp\htdocs\eduinca.net\web\index.php(13): CApplication->run()
#3 {main}
REQUEST_URI=/eduinca.net/web/index.php/help/index/language/ru
HTTP_REFERER=http://localhost:81/eduinca.net/web/index.php/site/index/language/ru
---
2015/04/16 12:03:39 [error] [exception.CHttpException.404] exception 'CHttpException' with message 'Невозможно обработать запрос "help/index/language/ru".' in C:\xampp\htdocs\eduinca.net\framework\web\CWebApplication.php:286
Stack trace:
#0 C:\xampp\htdocs\eduinca.net\framework\web\CWebApplication.php(141): CWebApplication->runController('help/index/lang...')
#1 C:\xampp\htdocs\eduinca.net\framework\base\CApplication.php(184): CWebApplication->processRequest()
#2 C:\xampp\htdocs\eduinca.net\web\index.php(13): CApplication->run()
#3 {main}
REQUEST_URI=/eduinca.net/web/index.php/help/index/language/ru
HTTP_REFERER=http://localhost:81/eduinca.net/web/index.php/site/index/language/ru
---
2015/04/16 16:47:51 [error] [exception.CHttpException.404] exception 'CHttpException' with message 'Невозможно обработать запрос "help/index/language/ru".' in C:\xampp\htdocs\eduinca.net\framework\web\CWebApplication.php:286
Stack trace:
#0 C:\xampp\htdocs\eduinca.net\framework\web\CWebApplication.php(141): CWebApplication->runController('help/index/lang...')
#1 C:\xampp\htdocs\eduinca.net\framework\base\CApplication.php(184): CWebApplication->processRequest()
#2 C:\xampp\htdocs\eduinca.net\web\index.php(13): CApplication->run()
#3 {main}
REQUEST_URI=/eduinca.net/web/index.php/help/index/language/ru
HTTP_REFERER=http://localhost:81/eduinca.net/web/
---
2015/04/16 16:47:51 [error] [exception.CHttpException.404] exception 'CHttpException' with message 'Невозможно обработать запрос "help/index/language/ru".' in C:\xampp\htdocs\eduinca.net\framework\web\CWebApplication.php:286
Stack trace:
#0 C:\xampp\htdocs\eduinca.net\framework\web\CWebApplication.php(141): CWebApplication->runController('help/index/lang...')
#1 C:\xampp\htdocs\eduinca.net\framework\base\CApplication.php(184): CWebApplication->processRequest()
#2 C:\xampp\htdocs\eduinca.net\web\index.php(13): CApplication->run()
#3 {main}
REQUEST_URI=/eduinca.net/web/index.php/help/index/language/ru
HTTP_REFERER=http://localhost:81/eduinca.net/web/
---
2015/04/16 16:48:21 [error] [exception.CHttpException.404] exception 'CHttpException' with message 'Невозможно обработать запрос "help/index/language/ru".' in C:\xampp\htdocs\eduinca.net\framework\web\CWebApplication.php:286
Stack trace:
#0 C:\xampp\htdocs\eduinca.net\framework\web\CWebApplication.php(141): CWebApplication->runController('help/index/lang...')
#1 C:\xampp\htdocs\eduinca.net\framework\base\CApplication.php(184): CWebApplication->processRequest()
#2 C:\xampp\htdocs\eduinca.net\web\index.php(13): CApplication->run()
#3 {main}
REQUEST_URI=/eduinca.net/web/index.php/help/index/language/ru
HTTP_REFERER=http://localhost:81/eduinca.net/web/
---
2015/04/16 21:40:45 [error] [exception.CException] exception 'CException' with message 'Путь CAssetManager.basePath "C:\xampp\htdocs\eduinca.net\web\assets" задан неверно. Удостоверьтесь, что директория существует и доступна для записи пользователю, под которым запущен веб-сервер.' in C:\xampp\htdocs\eduinca.net\framework\web\CAssetManager.php:138
Stack trace:
#0 C:\xampp\htdocs\eduinca.net\framework\web\CAssetManager.php(123): CAssetManager->setBasePath('C:\xampp\htdocs...')
#1 C:\xampp\htdocs\eduinca.net\framework\web\CAssetManager.php(217): CAssetManager->getBasePath()
#2 C:\xampp\htdocs\eduinca.net\framework\zii\widgets\grid\CGridView.php(350): CAssetManager->publish('C:\xampp\htdocs...')
#3 C:\xampp\htdocs\eduinca.net\framework\web\CBaseController.php(147): CGridView->init()
#4 C:\xampp\htdocs\eduinca.net\framework\web\CBaseController.php(180): CBaseController->createWidget('zii.widgets.gri...', Array)
#5 C:\xampp\htdocs\eduinca.net\web\protected\views\survey\index.php(56): CBaseController->widget('zii.widgets.gri...', Array)
#6 C:\xampp\htdocs\eduinca.net\framework\web\CBaseController.php(126): require('C:\xampp\htdocs...')
#7 C:\xampp\htdocs\eduinca.net\framework\web\CBaseController.php(95): CBaseController->renderInternal('C:\xampp\htdocs...', Array, true)
#8 C:\xampp\htdocs\eduinca.net\framework\web\CController.php(869): CBaseController->renderFile('C:\xampp\htdocs...', Array, true)
#9 C:\xampp\htdocs\eduinca.net\framework\web\CController.php(782): CController->renderPartial('index', Array, true)
#10 C:\xampp\htdocs\eduinca.net\web\protected\controllers\SurveyController.php(121): CController->render('index', Array)
#11 C:\xampp\htdocs\eduinca.net\framework\web\actions\CInlineAction.php(49): SurveyController->actionIndex()
#12 C:\xampp\htdocs\eduinca.net\framework\web\CController.php(308): CInlineAction->runWithParams(Array)
#13 C:\xampp\htdocs\eduinca.net\framework\web\filters\CFilterChain.php(133): CController->runAction(Object(CInlineAction))
#14 C:\xampp\htdocs\eduinca.net\framework\web\filters\CFilter.php(40): CFilterChain->run()
#15 C:\xampp\htdocs\eduinca.net\framework\web\CController.php(1145): CFilter->filter(Object(CFilterChain))
#16 C:\xampp\htdocs\eduinca.net\framework\web\filters\CInlineFilter.php(58): CController->filterAccessControl(Object(CFilterChain))
#17 C:\xampp\htdocs\eduinca.net\framework\web\filters\CFilterChain.php(130): CInlineFilter->filter(Object(CFilterChain))
#18 C:\xampp\htdocs\eduinca.net\framework\web\CController.php(291): CFilterChain->run()
#19 C:\xampp\htdocs\eduinca.net\framework\web\CController.php(265): CController->runActionWithFilters(Object(CInlineAction), Array)
#20 C:\xampp\htdocs\eduinca.net\framework\web\CWebApplication.php(282): CController->run('index')
#21 C:\xampp\htdocs\eduinca.net\framework\web\CWebApplication.php(141): CWebApplication->runController('survey/index/la...')
#22 C:\xampp\htdocs\eduinca.net\framework\base\CApplication.php(184): CWebApplication->processRequest()
#23 C:\xampp\htdocs\eduinca.net\web\index.php(13): CApplication->run()
#24 {main}
REQUEST_URI=/eduinca.net/web/index.php/survey/index/language/ru
HTTP_REFERER=http://localhost:81/eduinca.net/web/index.php/country/update/id/1/language/ru
---
2015/04/18 12:30:03 [error] [php] Object of class CMenu could not be converted to string (C:\xampp\htdocs\eduinca.net\web\themes\giz\views\layouts\main.php:54)
Stack trace:
#0 C:\xampp\htdocs\eduinca.net\framework\web\widgets\CContentDecorator.php(76): SiteController->renderFile()
#1 C:\xampp\htdocs\eduinca.net\framework\web\widgets\CContentDecorator.php(54): CContentDecorator->decorate()
#2 C:\xampp\htdocs\eduinca.net\framework\web\widgets\COutputProcessor.php(44): CContentDecorator->processOutput()
#3 C:\xampp\htdocs\eduinca.net\framework\web\CBaseController.php(214): CContentDecorator->run()
#4 C:\xampp\htdocs\eduinca.net\framework\web\CBaseController.php(308): SiteController->endWidget()
#5 C:\xampp\htdocs\eduinca.net\web\themes\giz\views\layouts\column1.php(10): SiteController->endContent()
#6 C:\xampp\htdocs\eduinca.net\framework\web\CBaseController.php(126): require()
#7 C:\xampp\htdocs\eduinca.net\framework\web\CBaseController.php(95): SiteController->renderInternal()
#8 C:\xampp\htdocs\eduinca.net\framework\web\CController.php(784): SiteController->renderFile()
#9 C:\xampp\htdocs\eduinca.net\web\protected\controllers\SiteController.php(36): SiteController->render()
#10 C:\xampp\htdocs\eduinca.net\framework\web\actions\CInlineAction.php(49): SiteController->actionIndex()
#11 C:\xampp\htdocs\eduinca.net\framework\web\CController.php(308): CInlineAction->runWithParams()
#12 C:\xampp\htdocs\eduinca.net\framework\web\CController.php(286): SiteController->runAction()
#13 C:\xampp\htdocs\eduinca.net\framework\web\CController.php(265): SiteController->runActionWithFilters()
#14 C:\xampp\htdocs\eduinca.net\framework\web\CWebApplication.php(282): SiteController->run()
#15 C:\xampp\htdocs\eduinca.net\framework\web\CWebApplication.php(141): CWebApplication->runController()
#16 C:\xampp\htdocs\eduinca.net\framework\base\CApplication.php(184): CWebApplication->processRequest()
#17 C:\xampp\htdocs\eduinca.net\web\index.php(13): CWebApplication->run()
REQUEST_URI=/eduinca.net/web/index.php/site/index/language/en
in C:\xampp\htdocs\eduinca.net\web\themes\giz\views\layouts\main.php (54)
in C:\xampp\htdocs\eduinca.net\web\themes\giz\views\layouts\column1.php (10)
in C:\xampp\htdocs\eduinca.net\web\protected\controllers\SiteController.php (36)
2015/04/18 12:30:32 [error] [php] Object of class CMenu could not be converted to string (C:\xampp\htdocs\eduinca.net\web\themes\giz\views\layouts\main.php:54)
Stack trace:
#0 C:\xampp\htdocs\eduinca.net\framework\web\widgets\CContentDecorator.php(76): SiteController->renderFile()
#1 C:\xampp\htdocs\eduinca.net\framework\web\widgets\CContentDecorator.php(54): CContentDecorator->decorate()
#2 C:\xampp\htdocs\eduinca.net\framework\web\widgets\COutputProcessor.php(44): CContentDecorator->processOutput()
#3 C:\xampp\htdocs\eduinca.net\framework\web\CBaseController.php(214): CContentDecorator->run()
#4 C:\xampp\htdocs\eduinca.net\framework\web\CBaseController.php(308): SiteController->endWidget()
#5 C:\xampp\htdocs\eduinca.net\web\themes\giz\views\layouts\column1.php(10): SiteController->endContent()
#6 C:\xampp\htdocs\eduinca.net\framework\web\CBaseController.php(126): require()
#7 C:\xampp\htdocs\eduinca.net\framework\web\CBaseController.php(95): SiteController->renderInternal()
#8 C:\xampp\htdocs\eduinca.net\framework\web\CController.php(784): SiteController->renderFile()
#9 C:\xampp\htdocs\eduinca.net\web\protected\controllers\SiteController.php(36): SiteController->render()
#10 C:\xampp\htdocs\eduinca.net\framework\web\actions\CInlineAction.php(49): SiteController->actionIndex()
#11 C:\xampp\htdocs\eduinca.net\framework\web\CController.php(308): CInlineAction->runWithParams()
#12 C:\xampp\htdocs\eduinca.net\framework\web\CController.php(286): SiteController->runAction()
#13 C:\xampp\htdocs\eduinca.net\framework\web\CController.php(265): SiteController->runActionWithFilters()
#14 C:\xampp\htdocs\eduinca.net\framework\web\CWebApplication.php(282): SiteController->run()
#15 C:\xampp\htdocs\eduinca.net\framework\web\CWebApplication.php(141): CWebApplication->runController()
#16 C:\xampp\htdocs\eduinca.net\framework\base\CApplication.php(184): CWebApplication->processRequest()
#17 C:\xampp\htdocs\eduinca.net\web\index.php(13): CWebApplication->run()
REQUEST_URI=/eduinca.net/web/index.php/site/index/language/en
in C:\xampp\htdocs\eduinca.net\web\themes\giz\views\layouts\main.php (54)
in C:\xampp\htdocs\eduinca.net\web\themes\giz\views\layouts\column1.php (10)
in C:\xampp\htdocs\eduinca.net\web\protected\controllers\SiteController.php (36)
2015/04/18 12:30:46 [error] [php] Object of class CMenu could not be converted to string (C:\xampp\htdocs\eduinca.net\web\themes\giz\views\layouts\main.php:54)
Stack trace:
#0 C:\xampp\htdocs\eduinca.net\framework\web\widgets\CContentDecorator.php(76): SiteController->renderFile()
#1 C:\xampp\htdocs\eduinca.net\framework\web\widgets\CContentDecorator.php(54): CContentDecorator->decorate()
#2 C:\xampp\htdocs\eduinca.net\framework\web\widgets\COutputProcessor.php(44): CContentDecorator->processOutput()
#3 C:\xampp\htdocs\eduinca.net\framework\web\CBaseController.php(214): CContentDecorator->run()
#4 C:\xampp\htdocs\eduinca.net\framework\web\CBaseController.php(308): SiteController->endWidget()
#5 C:\xampp\htdocs\eduinca.net\web\themes\giz\views\layouts\column1.php(10): SiteController->endContent()
#6 C:\xampp\htdocs\eduinca.net\framework\web\CBaseController.php(126): require()
#7 C:\xampp\htdocs\eduinca.net\framework\web\CBaseController.php(95): SiteController->renderInternal()
#8 C:\xampp\htdocs\eduinca.net\framework\web\CController.php(784): SiteController->renderFile()
#9 C:\xampp\htdocs\eduinca.net\web\protected\controllers\SiteController.php(36): SiteController->render()
#10 C:\xampp\htdocs\eduinca.net\framework\web\actions\CInlineAction.php(49): SiteController->actionIndex()
#11 C:\xampp\htdocs\eduinca.net\framework\web\CController.php(308): CInlineAction->runWithParams()
#12 C:\xampp\htdocs\eduinca.net\framework\web\CController.php(286): SiteController->runAction()
#13 C:\xampp\htdocs\eduinca.net\framework\web\CController.php(265): SiteController->runActionWithFilters()
#14 C:\xampp\htdocs\eduinca.net\framework\web\CWebApplication.php(282): SiteController->run()
#15 C:\xampp\htdocs\eduinca.net\framework\web\CWebApplication.php(141): CWebApplication->runController()
#16 C:\xampp\htdocs\eduinca.net\framework\base\CApplication.php(184): CWebApplication->processRequest()
#17 C:\xampp\htdocs\eduinca.net\web\index.php(13): CWebApplication->run()
REQUEST_URI=/eduinca.net/web/index.php/site/index/language/en
in C:\xampp\htdocs\eduinca.net\web\themes\giz\views\layouts\main.php (54)
in C:\xampp\htdocs\eduinca.net\web\themes\giz\views\layouts\column1.php (10)
in C:\xampp\htdocs\eduinca.net\web\protected\controllers\SiteController.php (36)
2015/04/18 12:31:18 [error] [php] Object of class CMenu could not be converted to string (C:\xampp\htdocs\eduinca.net\web\themes\giz\views\layouts\main.php:54)
Stack trace:
#0 C:\xampp\htdocs\eduinca.net\framework\web\widgets\CContentDecorator.php(76): SiteController->renderFile()
#1 C:\xampp\htdocs\eduinca.net\framework\web\widgets\CContentDecorator.php(54): CContentDecorator->decorate()
#2 C:\xampp\htdocs\eduinca.net\framework\web\widgets\COutputProcessor.php(44): CContentDecorator->processOutput()
#3 C:\xampp\htdocs\eduinca.net\framework\web\CBaseController.php(214): CContentDecorator->run()
#4 C:\xampp\htdocs\eduinca.net\framework\web\CBaseController.php(308): SiteController->endWidget()
#5 C:\xampp\htdocs\eduinca.net\web\themes\giz\views\layouts\column1.php(10): SiteController->endContent()
#6 C:\xampp\htdocs\eduinca.net\framework\web\CBaseController.php(126): require()
#7 C:\xampp\htdocs\eduinca.net\framework\web\CBaseController.php(95): SiteController->renderInternal()
#8 C:\xampp\htdocs\eduinca.net\framework\web\CController.php(784): SiteController->renderFile()
#9 C:\xampp\htdocs\eduinca.net\web\protected\controllers\SiteController.php(36): SiteController->render()
#10 C:\xampp\htdocs\eduinca.net\framework\web\actions\CInlineAction.php(49): SiteController->actionIndex()
#11 C:\xampp\htdocs\eduinca.net\framework\web\CController.php(308): CInlineAction->runWithParams()
#12 C:\xampp\htdocs\eduinca.net\framework\web\CController.php(286): SiteController->runAction()
#13 C:\xampp\htdocs\eduinca.net\framework\web\CController.php(265): SiteController->runActionWithFilters()
#14 C:\xampp\htdocs\eduinca.net\framework\web\CWebApplication.php(282): SiteController->run()
#15 C:\xampp\htdocs\eduinca.net\framework\web\CWebApplication.php(141): CWebApplication->runController()
#16 C:\xampp\htdocs\eduinca.net\framework\base\CApplication.php(184): CWebApplication->processRequest()
#17 C:\xampp\htdocs\eduinca.net\web\index.php(13): CWebApplication->run()
REQUEST_URI=/eduinca.net/web/index.php/site/index/language/en
in C:\xampp\htdocs\eduinca.net\web\themes\giz\views\layouts\main.php (54)
in C:\xampp\htdocs\eduinca.net\web\themes\giz\views\layouts\column1.php (10)
in C:\xampp\htdocs\eduinca.net\web\protected\controllers\SiteController.php (36)
2015/04/20 04:50:12 [error] [exception.CHttpException.404] exception 'CHttpException' with message 'Невозможно обработать запрос "help/index/language/ru".' in C:\xampp\htdocs\eduinca.net\framework\web\CWebApplication.php:286
Stack trace:
#0 C:\xampp\htdocs\eduinca.net\framework\web\CWebApplication.php(141): CWebApplication->runController('help/index/lang...')
#1 C:\xampp\htdocs\eduinca.net\framework\base\CApplication.php(184): CWebApplication->processRequest()
#2 C:\xampp\htdocs\eduinca.net\web\index.php(13): CApplication->run()
#3 {main}
REQUEST_URI=/eduinca.net/web/index.php/help/index/language/ru
HTTP_REFERER=http://localhost:81/eduinca.net/web/index.php/settings/index/language/ru
---
2015/04/20 05:21:23 [error] [exception.CException] exception 'CException' with message 'Контроллер StudentController не может найти представление "index".' in C:\xampp\htdocs\eduinca.net\framework\web\CController.php:878
Stack trace:
#0 C:\xampp\htdocs\eduinca.net\framework\web\CController.php(782): CController->renderPartial('index', Array, true)
#1 C:\xampp\htdocs\eduinca.net\web\protected\controllers\StudentController.php(172): CController->render('index', Array)
#2 C:\xampp\htdocs\eduinca.net\framework\web\actions\CInlineAction.php(49): StudentController->actionIndex()
#3 C:\xampp\htdocs\eduinca.net\framework\web\CController.php(308): CInlineAction->runWithParams(Array)
#4 C:\xampp\htdocs\eduinca.net\framework\web\filters\CFilterChain.php(133): CController->runAction(Object(CInlineAction))
#5 C:\xampp\htdocs\eduinca.net\framework\web\filters\CFilter.php(40): CFilterChain->run()
#6 C:\xampp\htdocs\eduinca.net\framework\web\CController.php(1145): CFilter->filter(Object(CFilterChain))
#7 C:\xampp\htdocs\eduinca.net\framework\web\filters\CInlineFilter.php(58): CController->filterAccessControl(Object(CFilterChain))
#8 C:\xampp\htdocs\eduinca.net\framework\web\filters\CFilterChain.php(130): CInlineFilter->filter(Object(CFilterChain))
#9 C:\xampp\htdocs\eduinca.net\framework\web\CController.php(291): CFilterChain->run()
#10 C:\xampp\htdocs\eduinca.net\framework\web\CController.php(265): CController->runActionWithFilters(Object(CInlineAction), Array)
#11 C:\xampp\htdocs\eduinca.net\framework\web\CWebApplication.php(282): CController->run('index')
#12 C:\xampp\htdocs\eduinca.net\framework\web\CWebApplication.php(141): CWebApplication->runController('student/index/l...')
#13 C:\xampp\htdocs\eduinca.net\framework\base\CApplication.php(184): CWebApplication->processRequest()
#14 C:\xampp\htdocs\eduinca.net\web\index.php(13): CApplication->run()
#15 {main}
REQUEST_URI=/eduinca.net/web/index.php/student/index/language/ru
HTTP_REFERER=http://localhost:81/eduinca.net/web/index.php/student/view/id/1/language/ru
---
2015/04/20 05:21:30 [error] [exception.CException] exception 'CException' with message 'Контроллер StudentController не может найти представление "index".' in C:\xampp\htdocs\eduinca.net\framework\web\CController.php:878
Stack trace:
#0 C:\xampp\htdocs\eduinca.net\framework\web\CController.php(782): CController->renderPartial('index', Array, true)
#1 C:\xampp\htdocs\eduinca.net\web\protected\controllers\StudentController.php(172): CController->render('index', Array)
#2 C:\xampp\htdocs\eduinca.net\framework\web\actions\CInlineAction.php(49): StudentController->actionIndex()
#3 C:\xampp\htdocs\eduinca.net\framework\web\CController.php(308): CInlineAction->runWithParams(Array)
#4 C:\xampp\htdocs\eduinca.net\framework\web\filters\CFilterChain.php(133): CController->runAction(Object(CInlineAction))
#5 C:\xampp\htdocs\eduinca.net\framework\web\filters\CFilter.php(40): CFilterChain->run()
#6 C:\xampp\htdocs\eduinca.net\framework\web\CController.php(1145): CFilter->filter(Object(CFilterChain))
#7 C:\xampp\htdocs\eduinca.net\framework\web\filters\CInlineFilter.php(58): CController->filterAccessControl(Object(CFilterChain))
#8 C:\xampp\htdocs\eduinca.net\framework\web\filters\CFilterChain.php(130): CInlineFilter->filter(Object(CFilterChain))
#9 C:\xampp\htdocs\eduinca.net\framework\web\CController.php(291): CFilterChain->run()
#10 C:\xampp\htdocs\eduinca.net\framework\web\CController.php(265): CController->runActionWithFilters(Object(CInlineAction), Array)
#11 C:\xampp\htdocs\eduinca.net\framework\web\CWebApplication.php(282): CController->run('index')
#12 C:\xampp\htdocs\eduinca.net\framework\web\CWebApplication.php(141): CWebApplication->runController('student/index/l...')
#13 C:\xampp\htdocs\eduinca.net\framework\base\CApplication.php(184): CWebApplication->processRequest()
#14 C:\xampp\htdocs\eduinca.net\web\index.php(13): CApplication->run()
#15 {main}
REQUEST_URI=/eduinca.net/web/index.php/student/index/language/ru
HTTP_REFERER=http://localhost:81/eduinca.net/web/index.php/student/view/id/1/language/ru
---
2015/04/20 05:21:40 [error] [exception.CException] exception 'CException' with message 'Контроллер StudentController не может найти представление "index".' in C:\xampp\htdocs\eduinca.net\framework\web\CController.php:878
Stack trace:
#0 C:\xampp\htdocs\eduinca.net\framework\web\CController.php(782): CController->renderPartial('index', Array, true)
#1 C:\xampp\htdocs\eduinca.net\web\protected\controllers\StudentController.php(172): CController->render('index', Array)
#2 C:\xampp\htdocs\eduinca.net\framework\web\actions\CInlineAction.php(49): StudentController->actionIndex()
#3 C:\xampp\htdocs\eduinca.net\framework\web\CController.php(308): CInlineAction->runWithParams(Array)
#4 C:\xampp\htdocs\eduinca.net\framework\web\filters\CFilterChain.php(133): CController->runAction(Object(CInlineAction))
#5 C:\xampp\htdocs\eduinca.net\framework\web\filters\CFilter.php(40): CFilterChain->run()
#6 C:\xampp\htdocs\eduinca.net\framework\web\CController.php(1145): CFilter->filter(Object(CFilterChain))
#7 C:\xampp\htdocs\eduinca.net\framework\web\filters\CInlineFilter.php(58): CController->filterAccessControl(Object(CFilterChain))
#8 C:\xampp\htdocs\eduinca.net\framework\web\filters\CFilterChain.php(130): CInlineFilter->filter(Object(CFilterChain))
#9 C:\xampp\htdocs\eduinca.net\framework\web\CController.php(291): CFilterChain->run()
#10 C:\xampp\htdocs\eduinca.net\framework\web\CController.php(265): CController->runActionWithFilters(Object(CInlineAction), Array)
#11 C:\xampp\htdocs\eduinca.net\framework\web\CWebApplication.php(282): CController->run('index')
#12 C:\xampp\htdocs\eduinca.net\framework\web\CWebApplication.php(141): CWebApplication->runController('student/index/l...')
#13 C:\xampp\htdocs\eduinca.net\framework\base\CApplication.php(184): CWebApplication->processRequest()
#14 C:\xampp\htdocs\eduinca.net\web\index.php(13): CApplication->run()
#15 {main}
REQUEST_URI=/eduinca.net/web/index.php/student/index/language/ru
HTTP_REFERER=http://localhost:81/eduinca.net/web/index.php/student/view/id/1/language/ru
---
